2021-09-08 08:14:21.195 +06:00 [INF] Application Starting up
2021-09-08 08:14:54.083 +06:00 [INF] User logged in.
2021-09-08 11:10:03.080 +06:00 [INF] Application Starting up
2021-09-08 11:39:14.124 +06:00 [INF] Application Starting up
2021-09-08 12:10:05.671 +06:00 [INF] Application Starting up
2021-09-08 13:09:44.713 +06:00 [INF] Application Starting up
2021-09-08 13:11:52.734 +06:00 [INF] Application Starting up
2021-09-08 13:15:11.580 +06:00 [INF] Application Starting up
2021-09-08 13:20:43.438 +06:00 [INF] Application Starting up
2021-09-08 13:21:00.404 +06:00 [ERR] An unhandled exception has occurred while executing the request.
System.ArgumentNullException: Value cannot be null. (Parameter 'connectionString')
   at Microsoft.EntityFrameworkCore.Utilities.Check.NotEmpty(String value, String parameterName)
   at Microsoft.EntityFrameworkCore.SqlServerDbContextOptionsExtensions.UseSqlServer(DbContextOptionsBuilder optionsBuilder, String connectionString, Action`1 sqlServerOptionsAction)
   at ECommerceSystem.ProductManaging.Contexts.ProductContext.OnConfiguring(DbContextOptionsBuilder dbContextOptionsBuilder) in D:\MvcAndApiProject\CrudApi\ECommerceSystem.Api\ECommerceSystem.ProductManaging\Contexts\ProductContext.cs:line 30
   at Microsoft.EntityFrameworkCore.DbContext.get_InternalServiceProvider()
   at Microsoft.EntityFrameworkCore.DbContext.get_DbContextDependencies()
   at Microsoft.EntityFrameworkCore.DbContext.get_Model()
   at Microsoft.EntityFrameworkCore.Internal.InternalDbSet`1.get_EntityType()
   at Microsoft.EntityFrameworkCore.Internal.InternalDbSet`1.CheckState()
   at Microsoft.EntityFrameworkCore.Internal.InternalDbSet`1.get_EntityQueryable()
   at Microsoft.EntityFrameworkCore.Internal.InternalDbSet`1.System.Collections.Generic.IEnumerable<TEntity>.GetEnumerator()
   at System.Collections.Generic.List`1..ctor(IEnumerable`1 collection)
   at System.Linq.Enumerable.ToList[TSource](IEnumerable`1 source)
   at ECommerceSystem.Web.Controllers.ChartController.Index() in D:\MvcAndApiProject\CrudApi\ECommerceSystem.Api\ECommerceSystem.Web\Controllers\ChartController.cs:line 18
   at lambda_method603(Closure , Object , Object[] )
   at Microsoft.AspNetCore.Mvc.Infrastructure.ActionMethodExecutor.SyncActionResultExecutor.Execute(IActionResultTypeMapper mapper, ObjectMethodExecutor executor, Object controller, Object[] arguments)
   at Microsoft.AspNetCore.Mvc.Infrastructure.ControllerActionInvoker.InvokeActionMethodAsync()
   at Microsoft.AspNetCore.Mvc.Infrastructure.ControllerActionInvoker.Next(State& next, Scope& scope, Object& state, Boolean& isCompleted)
   at Microsoft.AspNetCore.Mvc.Infrastructure.ControllerActionInvoker.InvokeNextActionFilterAsync()
--- End of stack trace from previous location ---
   at Microsoft.AspNetCore.Mvc.Infrastructure.ControllerActionInvoker.Rethrow(ActionExecutedContextSealed context)
   at Microsoft.AspNetCore.Mvc.Infrastructure.ControllerActionInvoker.Next(State& next, Scope& scope, Object& state, Boolean& isCompleted)
   at Microsoft.AspNetCore.Mvc.Infrastructure.ControllerActionInvoker.InvokeInnerFilterAsync()
--- End of stack trace from previous location ---
   at Microsoft.AspNetCore.Mvc.Infrastructure.ResourceInvoker.<InvokeNextResourceFilter>g__Awaited|24_0(ResourceInvoker invoker, Task lastTask, State next, Scope scope, Object state, Boolean isCompleted)
   at Microsoft.AspNetCore.Mvc.Infrastructure.ResourceInvoker.Rethrow(ResourceExecutedContextSealed context)
   at Microsoft.AspNetCore.Mvc.Infrastructure.ResourceInvoker.Next(State& next, Scope& scope, Object& state, Boolean& isCompleted)
   at Microsoft.AspNetCore.Mvc.Infrastructure.ResourceInvoker.InvokeFilterPipelineAsync()
--- End of stack trace from previous location ---
   at Microsoft.AspNetCore.Mvc.Infrastructure.ResourceInvoker.<InvokeAsync>g__Awaited|17_0(ResourceInvoker invoker, Task task, IDisposable scope)
   at Microsoft.AspNetCore.Routing.EndpointMiddleware.<Invoke>g__AwaitRequestTask|6_0(Endpoint endpoint, Task requestTask, ILogger logger)
   at Microsoft.AspNetCore.Session.SessionMiddleware.Invoke(HttpContext context)
   at Microsoft.AspNetCore.Session.SessionMiddleware.Invoke(HttpContext context)
   at Microsoft.AspNetCore.Authorization.AuthorizationMiddleware.Invoke(HttpContext context)
   at Microsoft.AspNetCore.Authentication.AuthenticationMiddleware.Invoke(HttpContext context)
   at Microsoft.AspNetCore.Diagnostics.EntityFrameworkCore.MigrationsEndPointMiddleware.Invoke(HttpContext context)
   at Microsoft.AspNetCore.Diagnostics.DeveloperExceptionPageMiddleware.Invoke(HttpContext context)
2021-09-08 13:26:19.165 +06:00 [INF] Application Starting up
2021-09-08 13:39:29.113 +06:00 [INF] Application Starting up
2021-09-08 13:42:19.486 +06:00 [INF] Application Starting up
2021-09-08 13:43:54.818 +06:00 [INF] Application Starting up
2021-09-08 13:51:18.624 +06:00 [INF] Application Starting up
2021-09-08 13:55:08.849 +06:00 [INF] Application Starting up
2021-09-08 14:04:59.215 +06:00 [INF] Application Starting up
2021-09-08 14:09:34.208 +06:00 [INF] Application Starting up
2021-09-08 14:10:34.477 +06:00 [INF] Application Starting up
2021-09-08 14:17:02.930 +06:00 [INF] Application Starting up
2021-09-08 14:18:16.110 +06:00 [INF] Application Starting up
2021-09-08 14:22:21.436 +06:00 [INF] Application Starting up
2021-09-08 14:24:30.826 +06:00 [INF] Application Starting up
2021-09-08 14:33:45.064 +06:00 [INF] Application Starting up
2021-09-08 14:44:17.547 +06:00 [INF] Application Starting up
2021-09-08 14:48:36.216 +06:00 [INF] Application Starting up
2021-09-08 14:53:46.969 +06:00 [INF] Application Starting up
2021-09-08 14:56:36.965 +06:00 [INF] Application Starting up
2021-09-08 14:57:17.316 +06:00 [INF] Application Starting up
2021-09-08 14:57:59.069 +06:00 [INF] Application Starting up
2021-09-08 17:43:20.707 +06:00 [INF] Application Starting up
2021-09-08 17:43:43.614 +06:00 [INF] User logged in.
